Resultado del conteo del RDD...: 39365
23-nov-2014 22:40:50 INFORMACIÓN: parquet.hadoop.ParquetInputFormat: Total input paths to process : 10
23-nov-2014 22:40:50 INFORMACIÓN: parquet.hadoop.ParquetFileReader: reading summary file: file:/home/adrian/desarrollo/spark/simplesqlsparkapp/data/wiki_parquet/_metadata
23-nov-2014 22:40:53 ADVERTENCIA: parquet.hadoop.ParquetRecordReader: Can not initialize counter due to context is not a instance of TaskInputOutputContext, but is org.apache.hadoop.mapreduce.task.TaskAttemptContextImpl
23-nov-2014 22:40:53 ADVERTENCIA: parquet.hadoop.ParquetRecordReader: Can not initialize counter due to context is not a instance of TaskInputOutputContext, but is org.apache.hadoop.mapreduce.task.TaskAttemptContextImpl
23-nov-2014 22:40:53 ADVERTENCIA: parquet.hadoop.ParquetRecordReader: Can not initialize counter due to context is not a instance of TaskInputOutputContext, but is org.apache.hadoop.mapreduce.task.TaskAttemptContextImpl
23-nov-2014 22:40:53 ADVERTENCIA: parquet.hadoop.ParquetRecordReader: Can not initialize counter due to context is not a instance of TaskInputOutputContext, but is org.apache.hadoop.mapreduce.task.TaskAttemptContextImpl
23-nov-2014 22:40:54 INFORMACIÓN: parquet.hadoop.InternalParquetRecordReader: RecordReader initialized will read a total of 3930 records.
23-nov-2014 22:40:54 INFORMACIÓN: parquet.hadoop.InternalParquetRecordReader: RecordReader initialized will read a total of 3944 records.
23-nov-2014 22:40:54 INFORMACIÓN: parquet.hadoop.InternalParquetRecordReader: RecordReader initialized will read a total of 3938 records.
23-nov-2014 22:40:54 INFORMACIÓN: parquet.hadoop.InternalParquetRecordReader: RecordReader initialized will read a total of 3936 records.
23-nov-2014 22:40:54 INFORMACIÓN: parquet.hadoop.InternalParquetRecordReader: at row 0. reading next block
23-nov-2014 22:40:54 INFORMACIÓN: parquet.hadoop.InternalParquetRecordReader: at row 0. reading next block
23-nov-2014 22:40:54 INFORMACIÓN: parquet.hadoop.InternalParquetRecordReader: at row 0. reading next block
23-nov-2014 22:40:54 INFORMACIÓN: parquet.hadoop.InternalParquetRecordReader: at row 0. reading next block
23-nov-2014 22:41:15 INFORMACIÓN: parquet.hadoop.InternalParquetRecordReader: block read in memory in 20360 ms. row count = 3930
23-nov-2014 22:41:15 INFORMACIÓN: parquet.hadoop.InternalParquetRecordReader: block read in memory in 20388 ms. row count = 3938
23-nov-2014 22:41:15 INFORMACIÓN: parquet.hadoop.InternalParquetRecordReader: block read in memory in 20399 ms. row count = 3944
23-nov-2014 22:41:15 INFORMACIÓN: parquet.hadoop.InternalParquetRecordReader: block read in memory in 20388 ms. row count = 3936
23-nov-2014 22:41:23 ADVERTENCIA: parquet.hadoop.ParquetRecordReader: Can not initialize counter due to context is not a instance of TaskInputOutputContext, but is org.apache.hadoop.mapreduce.task.TaskAttemptContextImpl
23-nov-2014 22:41:23 INFORMACIÓN: parquet.hadoop.InternalParquetRecordReader: RecordReader initialized will read a total of 3930 records.
23-nov-2014 22:41:23 INFORMACIÓN: parquet.hadoop.InternalParquetRecordReader: at row 0. reading next block
23-nov-2014 22:41:23 ADVERTENCIA: parquet.hadoop.ParquetRecordReader: Can not initialize counter due to context is not a instance of TaskInputOutputContext, but is org.apache.hadoop.mapreduce.task.TaskAttemptContextImpl
23-nov-2014 22:41:23 INFORMACIÓN: parquet.hadoop.InternalParquetRecordReader: RecordReader initialized will read a total of 3944 records.
23-nov-2014 22:41:23 INFORMACIÓN: parquet.hadoop.InternalParquetRecordReader: at row 0. reading next block
23-nov-2014 22:41:23 ADVERTENCIA: parquet.hadoop.ParquetRecordReader: Can not initialize counter due to context is not a instance of TaskInputOutputContext, but is org.apache.hadoop.mapreduce.task.TaskAttemptContextImpl
23-nov-2014 22:41:24 ADVERTENCIA: parquet.hadoop.ParquetRecordReader: Can not initialize counter due to context is not a instance of TaskInputOutputContext, but is org.apache.hadoop.mapreduce.task.TaskAttemptContextImpl
23-nov-2014 22:41:24 INFORMACIÓN: parquet.hadoop.InternalParquetRecordReader: RecordReader initialized will read a total of 3929 records.
23-nov-2014 22:41:24 INFORMACIÓN: parquet.hadoop.InternalParquetRecordReader: at row 0. reading next block
23-nov-2014 22:41:25 INFORMACIÓN: parquet.hadoop.InternalParquetRecordReader: RecordReader initialized will read a total of 3938 records.
23-nov-2014 22:41:25 INFORMACIÓN: parquet.hadoop.InternalParquetRecordReader: at row 0. reading next block
23-nov-2014 22:41:38 INFORMACIÓN: parquet.hadoop.InternalParquetRecordReader: block read in memory in 15161 ms. row count = 3930
23-nov-2014 22:41:39 INFORMACIÓN: parquet.hadoop.InternalParquetRecordReader: block read in memory in 16021 ms. row count = 3944
23-nov-2014 22:41:39 INFORMACIÓN: parquet.hadoop.InternalParquetRecordReader: block read in memory in 14165 ms. row count = 3938
23-nov-2014 22:41:40 INFORMACIÓN: parquet.hadoop.InternalParquetRecordReader: block read in memory in 15891 ms. row count = 3929
23-nov-2014 22:41:41 ADVERTENCIA: parquet.hadoop.ParquetRecordReader: Can not initialize counter due to context is not a instance of TaskInputOutputContext, but is org.apache.hadoop.mapreduce.task.TaskAttemptContextImpl
23-nov-2014 22:41:41 INFORMACIÓN: parquet.hadoop.InternalParquetRecordReader: RecordReader initialized will read a total of 3939 records.
23-nov-2014 22:41:41 INFORMACIÓN: parquet.hadoop.InternalParquetRecordReader: at row 0. reading next block
23-nov-2014 22:41:42 ADVERTENCIA: parquet.hadoop.ParquetRecordReader: Can not initialize counter due to context is not a instance of TaskInputOutputContext, but is org.apache.hadoop.mapreduce.task.TaskAttemptContextImpl
23-nov-2014 22:41:42 INFORMACIÓN: parquet.hadoop.InternalParquetRecordReader: RecordReader initialized will read a total of 3937 records.
23-nov-2014 22:41:42 INFORMACIÓN: parquet.hadoop.InternalParquetRecordReader: at row 0. reading next block
23-nov-2014 22:41:44 INFORMACIÓN: parquet.hadoop.InternalParquetRecordReader: block read in memory in 2727 ms. row count = 3939
23-nov-2014 22:41:45 INFORMACIÓN: parquet.hadoop.InternalParquetRecordReader: block read in memory in 2703 ms. row count = 3937
23-nov-2014 22:41:51 INFORMACIÓN: parquet.hadoop.ParquetInputFormat: Total input paths to process : 10
23-nov-2014 22:41:51 INFORMACIÓN: parquet.hadoop.ParquetFileReader: reading summary file: file:/home/adrian/desarrollo/spark/simplesqlsparkapp/data/wiki_parquet/_metadata
23-nov-2014 22:41:52 ADVERTENCIA: parquet.hadoop.ParquetRecordReader: Can not initialize counter due to context is not a instance of TaskInputOutputContext, but is org.apache.hadoop.mapreduce.task.TaskAttemptContextImpl
23-nov-2014 22:41:52 ADVERTENCIA: parquet.hadoop.ParquetRecordReader: Can not initialize counter due to context is not a instance of TaskInputOutputContext, but is org.apache.hadoop.mapreduce.task.TaskAttemptContextImpl
23-nov-2014 22:41:52 ADVERTENCIA: parquet.hadoop.ParquetRecordReader: Can not initialize counter due to context is not a instance of TaskInputOutputContext, but is org.apache.hadoop.mapreduce.task.TaskAttemptContextImpl
23-nov-2014 22:41:52 ADVERTENCIA: parquet.hadoop.ParquetRecordReader: Can not initialize counter due to context is not a instance of TaskInputOutputContext, but is org.apache.hadoop.mapreduce.task.TaskAttemptContextImpl
23-nov-2014 22:41:52 INFORMACIÓN: parquet.hadoop.InternalParquetRecordReader: RecordReader initialized will read a total of 3936 records.
23-nov-2014 22:41:52 INFORMACIÓN: parquet.hadoop.InternalParquetRecordReader: at row 0. reading next block
23-nov-2014 22:41:52 INFORMACIÓN: parquet.hadoop.InternalParquetRecordReader: block read in memory in 0 ms. row count = 3936
23-nov-2014 22:41:52 INFORMACIÓN: parquet.hadoop.InternalParquetRecordReader: RecordReader initialized will read a total of 3938 records.
23-nov-2014 22:41:52 INFORMACIÓN: parquet.hadoop.InternalParquetRecordReader: at row 0. reading next block
23-nov-2014 22:41:52 INFORMACIÓN: parquet.hadoop.InternalParquetRecordReader: block read in memory in 0 ms. row count = 3938
23-nov-2014 22:41:52 INFORMACIÓN: parquet.hadResultado del conteo de la query...: 39365
oop.InternalParquetRecordReader: RecordReader initialized will read a total of 3944 records.
23-nov-2014 22:41:52 INFORMACIÓN: parquet.hadoop.InternalParquetRecordReader: at row 0. reading next block
23-nov-2014 22:41:52 INFORMACIÓN: parquet.hadoop.InternalParquetRecordReader: block read in memory in 0 ms. row count = 3944
23-nov-2014 22:41:52 INFORMACIÓN: parquet.hadoop.InternalParquetRecordReader: RecordReader initialized will read a total of 3930 records.
23-nov-2014 22:41:52 INFORMACIÓN: parquet.hadoop.InternalParquetRecordReader: at row 0. reading next block
23-nov-2014 22:41:52 INFORMACIÓN: parquet.hadoop.InternalParquetRecordReader: block read in memory in 0 ms. row count = 3930
23-nov-2014 22:41:54 ADVERTENCIA: parquet.hadoop.ParquetRecordReader: Can not initialize counter due to context is not a instance of TaskInputOutputContext, but is org.apache.hadoop.mapreduce.task.TaskAttemptContextImpl
23-nov-2014 22:41:54 INFORMACIÓN: parquet.hadoop.InternalParquetRecordReader: RecordReader initialized will read a total of 3930 records.
23-nov-2014 22:41:54 INFORMACIÓN: parquet.hadoop.InternalParquetRecordReader: at row 0. reading next block
23-nov-2014 22:41:54 INFORMACIÓN: parquet.hadoop.InternalParquetRecordReader: block read in memory in 0 ms. row count = 3930
23-nov-2014 22:41:54 ADVERTENCIA: parquet.hadoop.ParquetRecordReader: Can not initialize counter due to context is not a instance of TaskInputOutputContext, but is org.apache.hadoop.mapreduce.task.TaskAttemptContextImpl
23-nov-2014 22:41:54 ADVERTENCIA: parquet.hadoop.ParquetRecordReader: Can not initialize counter due to context is not a instance of TaskInputOutputContext, but is org.apache.hadoop.mapreduce.task.TaskAttemptContextImpl
23-nov-2014 22:41:54 INFORMACIÓN: parquet.hadoop.InternalParquetRecordReader: RecordReader initialized will read a total of 3944 records.
23-nov-2014 22:41:54 INFORMACIÓN: parquet.hadoop.InternalParquetRecordReader: at row 0. reading next block
23-nov-2014 22:41:54 INFORMACIÓN: parquet.hadoop.InternalParquetRecordReader: block read in memory in 1 ms. row count = 3944
23-nov-2014 22:41:54 INFORMACIÓN: parquet.hadoop.InternalParquetRecordReader: RecordReader initialized will read a total of 3929 records.
23-nov-2014 22:41:54 INFORMACIÓN: parquet.hadoop.InternalParquetRecordReader: at row 0. reading next block
23-nov-2014 22:41:54 INFORMACIÓN: parquet.hadoop.InternalParquetRecordReader: block read in memory in 0 ms. row count = 3929
23-nov-2014 22:41:54 ADVERTENCIA: parquet.hadoop.ParquetRecordReader: Can not initialize counter due to context is not a instance of TaskInputOutputContext, but is org.apache.hadoop.mapreduce.task.TaskAttemptContextImpl
23-nov-2014 22:41:54 INFORMACIÓN: parquet.hadoop.InternalParquetRecordReader: RecordReader initialized will read a total of 3938 records.
23-nov-2014 22:41:54 INFORMACIÓN: parquet.hadoop.InternalParquetRecordReader: at row 0. reading next block
23-nov-2014 22:41:54 INFORMACIÓN: parquet.hadoop.InternalParquetRecordReader: block read in memory in 0 ms. row count = 3938
23-nov-2014 22:41:54 ADVERTENCIA: parquet.hadoop.ParquetRecordReader: Can not initialize counter due to context is not a instance of TaskInputOutputContext, but is org.apache.hadoop.mapreduce.task.TaskAttemptContextImpl
23-nov-2014 22:41:54 INFORMACIÓN: parquet.hadoop.InternalParquetRecordReader: RecordReader initialized will read a total of 3939 records.
23-nov-2014 22:41:54 INFORMACIÓN: parquet.hadoop.InternalParquetRecordReader: at row 0. reading next block
23-nov-2014 22:41:54 INFORMACIÓN: parquet.hadoop.InternalParquetRecordReader: block read in memory in 0 ms. row count = 3939
23-nov-2014 22:41:55 ADVERTENCIA: parquet.hadoop.ParquetRecordReader: Can not initialize counter due to context is not a instance of TaskInputOutputContext, but is org.apache.hadoop.mapreduce.task.TaskAttemptContextImpl
23-nov-2014 22:41:55 INFORMACIÓN: parquet.hadoop.InternalParquetRecordReader: RecordReader initialized will read a total of 3937 records.
23-nov-2014 22:41:55 INFORMACIÓN: parquet.hadoop.InternalParquetRecordReader: at row 0. reading next block
23-nov-2014 22:41:55 INFORMACIÓN: parquet.hadoop.InternalParquetRecordReader: block read in memory in 0 ms. row count = 3937
23-nov-2014 22:42:01 INFORMACIÓN: parquet.hadoop.ParquetInputFormat: Total input paths to process : 10
23-nov-2014 22:42:01 INFORMACIÓN: parquet.hadoop.ParquetFileReader: reading summary file: file:/home/adrian/desarrollo/spark/simplesqlsparkapp/data/wiki_parquet/_metadata
23-nov-2014 22:42:01 ADVERTENCIA: parquet.hadoop.ParquetRecordReader: Can not initialize counter due to context is not a instance of TaskInputOutputContext, but is org.apache.hadoop.mapreduce.task.TaskAttemptContextImpl
23-nov-2014 22:42:01 ADVERTENCIA: parquet.hadoop.ParquetRecordReader: Can not initialize counter due to context is not a instance of TaskInputOutputContext, but is org.apache.hadoop.mapreduce.task.TaskAttemptContextImpl
23-nov-2014 22:42:01 ADVERTENCIA: parquet.hadoop.ParquetRecordReader: Can not initialize counter due to context is not a instance of TaskInputOutputContext, but is org.apache.hadoop.mapreduce.task.TaskAttemptContextImpl
23-nov-2014 22:42:01 ADVERTENCIA: parquet.hadoop.ParquetRecordReader: Can not initialize counter due to context is not a instance of TaskInputOutputContext, but is org.apache.hadoop.mapreduce.task.TaskAttemptContextImpl
23-nov-2014 22:42:02 INFORMACIÓN: parquet.hadoop.InternalParquetRecordReader: RecordReader initialized will read a total of 3938 records.
23-nov-2014 22:42:02 INFORMACIÓN: parquet.hadoop.InternalParquetRecordReader: RecordReader initialized will read a total of 3944 records.
23-nov-2014 22:42:02 INFORMACIÓN: parquet.hadoop.InternalParquetRecordReader: RecordReader initialized will read a total of 3930 records.
23-nov-2014 22:42:02 INFORMACIÓN: parquet.hadoop.InternalParquetRecordReader: at row 0. reading next block
23-nov-2014 22:42:02 INFORMACIÓN: parquet.hadoop.InternalParquetRecordReader: at row 0. reading next block
23-nov-2014 22:42:02 INFORMACIÓN: parquet.hadoop.InternalParquetRecordReader: block read in memory in 1 ms. row count = 3938
23-nov-2014 22:42:02 INFORMACIÓN: parquet.hadoop.InternalParquetRecordReader: at row 0. reading next block
23-nov-2014 22:42:02 INFORMACIÓN: parquet.hadoop.InternalParquetRecordReader: RecordReader initialized will read a total of 3936 records.
23-nov-2014 22:42:02 INFORMACIÓN: parquet.hadoop.InternalParquetRecordReader: at row 0. reading next block
23-nov-2014 22:42:02 INFORMACIÓN: parquet.hadoop.InternalParquetRecordReader: block read in memory in 25 ms. row count = 3944
23-nov-2014 22:42:02 INFORMACIÓN: parquet.hadoop.InternalParquetRecordReader: block read in memory in 27 ms. row count = 3936
23-nov-2014 22:42:02 INFORMACIÓN: parquet.hadoop.InternalParquetRecordReader: block read in memory in 87 ms. row count = 3930
23-nov-2014 22:42:07 ADVERTENCIA: parquet.hadoop.ParquetRecordReader: Can not initialize counter due to context is not a instance of TaskInputOutputContext, but is org.apache.hadoop.mapreduce.task.TaskAttemptContextImpl
23-nov-2014 22:42:07 INFORMACIÓN: parquet.hadoop.InternalParquetRecordReader: RecordReader initialized will read a total of 3930 records.
23-nov-2014 22:42:07 INFORMACIÓN: parquet.hadoop.InternalParquetRecordReader: at row 0. reading next block
23-nov-2014 22:42:07 INFORMACIÓN: parquet.hadoop.InternalParquetRecordReader: block read in memory in 20 ms. row count = 3930
23-nov-2014 22:42:07 ADVERTENCIA: parquet.hadoop.ParquetRecordReader: Can not initialize counter due to context is not a instance of TaskInputOutputContext, but is org.apache.hadoop.mapreduce.task.TaskAttemptContextImpl
23-nov-2014 22:42:07 INFORMACIÓN: parquet.hadoop.InternalParquetRecordReader: RecordReader initialized will read a total of 3929 records.
23-nov-2014 22:42:07 INFORMACIÓN: parquet.hadoop.InternalParquetRecordReader: at row 0. reading next block
23-nov-2014 22:42:07 INFORMACIÓN: parquet.hadoop.InternalParquetRecordReader: block read in memory in 4 ms. row count = 3929
23-nov-2014 22:42:07 ADVERTENCIA: parquet.hadoop.ParquetRecordReader: Can not initialize counterFila 0 ..: Waacstats, 2003
Fila 1 ..: Cydebot, 949
Fila 2 ..: BattyBot, 939
Fila 3 ..: Yobot, 890
Fila 4 ..: Addbot, 853
Fila 5 ..: Monkbot, 668
Fila 6 ..: ChrisGualtieri, 438
Fila 7 ..: RjwilmsiBot, 387
Fila 8 ..: OccultZone, 377
Fila 9 ..: ClueBot NG, 353
 due to context is not a instance of TaskInputOutputContext, but is org.apache.hadoop.mapreduce.task.TaskAttemptContextImpl
23-nov-2014 22:42:08 INFORMACIÓN: parquet.hadoop.InternalParquetRecordReader: RecordReader initialized will read a total of 3944 records.
23-nov-2014 22:42:08 INFORMACIÓN: parquet.hadoop.InternalParquetRecordReader: at row 0. reading next block
23-nov-2014 22:42:08 INFORMACIÓN: parquet.hadoop.InternalParquetRecordReader: block read in memory in 1 ms. row count = 3944
23-nov-2014 22:42:08 ADVERTENCIA: parquet.hadoop.ParquetRecordReader: Can not initialize counter due to context is not a instance of TaskInputOutputContext, but is org.apache.hadoop.mapreduce.task.TaskAttemptContextImpl
23-nov-2014 22:42:08 INFORMACIÓN: parquet.hadoop.InternalParquetRecordReader: RecordReader initialized will read a total of 3938 records.
23-nov-2014 22:42:08 INFORMACIÓN: parquet.hadoop.InternalParquetRecordReader: at row 0. reading next block
23-nov-2014 22:42:09 INFORMACIÓN: parquet.hadoop.InternalParquetRecordReader: block read in memory in 30 ms. row count = 3938
23-nov-2014 22:42:10 ADVERTENCIA: parquet.hadoop.ParquetRecordReader: Can not initialize counter due to context is not a instance of TaskInputOutputContext, but is org.apache.hadoop.mapreduce.task.TaskAttemptContextImpl
23-nov-2014 22:42:10 INFORMACIÓN: parquet.hadoop.InternalParquetRecordReader: RecordReader initialized will read a total of 3939 records.
23-nov-2014 22:42:10 INFORMACIÓN: parquet.hadoop.InternalParquetRecordReader: at row 0. reading next block
23-nov-2014 22:42:10 INFORMACIÓN: parquet.hadoop.InternalParquetRecordReader: block read in memory in 2 ms. row count = 3939
23-nov-2014 22:42:11 ADVERTENCIA: parquet.hadoop.ParquetRecordReader: Can not initialize counter due to context is not a instance of TaskInputOutputContext, but is org.apache.hadoop.mapreduce.task.TaskAttemptContextImpl
23-nov-2014 22:42:11 INFORMACIÓN: parquet.hadoop.InternalParquetRecordReader: RecordReader initialized will read a total of 3937 records.
23-nov-2014 22:42:11 INFORMACIÓN: parquet.hadoop.InternalParquetRecordReader: at row 0. reading next block
23-nov-2014 22:42:11 INFORMACIÓN: parquet.hadoop.InternalParquetRecordReader: block read in memory in 37 ms. row count = 3937
